# JRE version: OpenJDK Runtime Environment (17.0.9) (build 17.0.9+0--11185874)
# Java VM: OpenJDK 64-Bit Server VM (17.0.9+0--11185874, mixed mode, tiered, compressed oops, compressed class ptrs, g1 gc, windows-amd64)
GC Precious Log:
 CPUs: 8 total, 8 available
 Memory: 14249M
 Large Page Support: Disabled
 NUMA Support: Disabled
 Compressed Oops: Enabled (32-bit)
 Heap Region Size: 1M
 Heap Min Capacity: 8M
 Heap Initial Capacity: 224M
 Heap Max Capacity: 2G
 Pre-touch: Disabled
 Parallel Workers: 8
 Concurrent Workers: 2
 Concurrent Refinement Workers: 8
 Periodic GC: Disabled
Heap:
 garbage-first heap   total 229376K, used 105448K [0x0000000080000000, 0x0000000100000000)
  region size 1024K, 5 young (5120K), 5 survivors (5120K)
 Metaspace       used 110495K, committed 111232K, reserved 1179648K
  class space    used 15191K, committed 15552K, reserved 1048576K
GC Heap History (20 events):
Event: 18.333 GC heap after
{Heap after GC invocations=44 (full 0):
 garbage-first heap   total 153600K, used 85378K [0x0000000080000000, 0x0000000100000000)
  region size 1024K, 6 young (6144K), 6 survivors (6144K)
 Metaspace       used 86695K, committed 87296K, reserved 1179648K
  class space    used 11684K, committed 11968K, reserved 1048576K
}
Event: 18.343 GC heap before
{Heap before GC invocations=44 (full 0):
 garbage-first heap   total 153600K, used 85378K [0x0000000080000000, 0x0000000100000000)
  region size 1024K, 7 young (7168K), 6 survivors (6144K)
 Metaspace       used 86695K, committed 87296K, reserved 1179648K
  class space    used 11684K, committed 11968K, reserved 1048576K
}
Event: 18.351 GC heap after
{Heap after GC invocations=45 (full 0):
 garbage-first heap   total 153600K, used 86005K [0x0000000080000000, 0x0000000100000000)
  region size 1024K, 1 young (1024K), 1 survivors (1024K)
 Metaspace       used 86695K, committed 87296K, reserved 1179648K
  class space    used 11684K, committed 11968K, reserved 1048576K
}
Event: 19.001 GC heap before
{Heap before GC invocations=45 (full 0):
 garbage-first heap   total 153600K, used 124917K [0x0000000080000000, 0x0000000100000000)
  region size 1024K, 39 young (39936K), 1 survivors (1024K)
 Metaspace       used 89321K, committed 89984K, reserved 1179648K
  class space    used 12049K, committed 12352K, reserved 1048576K
}
Event: 19.004 GC heap after
{Heap after GC invocations=46 (full 0):
 garbage-first heap   total 153600K, used 86663K [0x0000000080000000, 0x0000000100000000)
  region size 1024K, 2 young (2048K), 2 survivors (2048K)
 Metaspace       used 89321K, committed 89984K, reserved 1179648K
  class space    used 12049K, committed 12352K, reserved 1048576K
}
Event: 19.761 GC heap before
{Heap before GC invocations=46 (full 0):
 garbage-first heap   total 153600K, used 125575K [0x0000000080000000, 0x0000000100000000)
  region size 1024K, 40 young (40960K), 2 survivors (2048K)
 Metaspace       used 92024K, committed 92672K, reserved 1179648K
  class space    used 12557K, committed 12864K, reserved 1048576K
}
Event: 19.764 GC heap after
{Heap after GC invocations=47 (full 0):
 garbage-first heap   total 153600K, used 87667K [0x0000000080000000, 0x0000000100000000)
  region size 1024K, 3 young (3072K), 3 survivors (3072K)
 Metaspace       used 92024K, committed 92672K, reserved 1179648K
  class space    used 12557K, committed 12864K, reserved 1048576K
}
Event: 20.497 GC heap before
{Heap before GC invocations=47 (full 0):
 garbage-first heap   total 153600K, used 127603K [0x0000000080000000, 0x0000000100000000)
  region size 1024K, 42 young (43008K), 3 survivors (3072K)
 Metaspace       used 94779K, committed 95424K, reserved 1179648K
  class space    used 13004K, committed 13312K, reserved 1048576K
}
Event: 20.504 GC heap after
{Heap after GC invocations=48 (full 0):
 garbage-first heap   total 153600K, used 89417K [0x0000000080000000, 0x0000000100000000)
  region size 1024K, 5 young (5120K), 5 survivors (5120K)
 Metaspace       used 94779K, committed 95424K, reserved 1179648K
  class space    used 13004K, committed 13312K, reserved 1048576K
}
Event: 21.231 GC heap before
{Heap before GC invocations=48 (full 0):
 garbage-first heap   total 153600K, used 128329K [0x0000000080000000, 0x0000000100000000)
  region size 1024K, 43 young (44032K), 5 survivors (5120K)
 Metaspace       used 97836K, committed 98432K, reserved 1179648K
  class space    used 13465K, committed 13760K, reserved 1048576K
}
Event: 21.238 GC heap after
{Heap after GC invocations=49 (full 0):
 garbage-first heap   total 153600K, used 91473K [0x0000000080000000, 0x0000000100000000)
  region size 1024K, 5 young (5120K), 5 survivors (5120K)
 Metaspace       used 97836K, committed 98432K, reserved 1179648K
  class space    used 13465K, committed 13760K, reserved 1048576K
}
Event: 21.905 GC heap before
{Heap before GC invocations=49 (full 0):
 garbage-first heap   total 153600K, used 129361K [0x0000000080000000, 0x0000000100000000)
  region size 1024K, 42 young (43008K), 5 survivors (5120K)
 Metaspace       used 100639K, committed 101312K, reserved 1179648K
  class space    used 13895K, committed 14208K, reserved 1048576K
}
Event: 21.913 GC heap after
{Heap after GC invocations=50 (full 0):
 garbage-first heap   total 153600K, used 93256K [0x0000000080000000, 0x0000000100000000)
  region size 1024K, 4 young (4096K), 4 survivors (4096K)
 Metaspace       used 100639K, committed 101312K, reserved 1179648K
  class space    used 13895K, committed 14208K, reserved 1048576K
}
Event: 22.626 GC heap before
{Heap before GC invocations=50 (full 0):
 garbage-first heap   total 153600K, used 130120K [0x0000000080000000, 0x0000000100000000)
  region size 1024K, 40 young (40960K), 4 survivors (4096K)
 Metaspace       used 103846K, committed 104512K, reserved 1179648K
  class space    used 14321K, committed 14656K, reserved 1048576K
}
Event: 22.632 GC heap after
{Heap after GC invocations=51 (full 0):
 garbage-first heap   total 153600K, used 94849K [0x0000000080000000, 0x0000000100000000)
  region size 1024K, 4 young (4096K), 4 survivors (4096K)
 Metaspace       used 103846K, committed 104512K, reserved 1179648K
  class space    used 14321K, committed 14656K, reserved 1048576K
}
Event: 23.213 GC heap before
{Heap before GC invocations=51 (full 0):
 garbage-first heap   total 153600K, used 130689K [0x0000000080000000, 0x0000000100000000)
  region size 1024K, 39 young (39936K), 4 survivors (4096K)
 Metaspace       used 105906K, committed 106624K, reserved 1179648K
  class space    used 14589K, committed 14912K, reserved 1048576K
}
Event: 23.220 GC heap after
{Heap after GC invocations=52 (full 0):
 garbage-first heap   total 153600K, used 97099K [0x0000000080000000, 0x0000000100000000)
  region size 1024K, 4 young (4096K), 4 survivors (4096K)
 Metaspace       used 105906K, committed 106624K, reserved 1179648K
  class space    used 14589K, committed 14912K, reserved 1048576K
}
Event: 23.680 GC heap before
{Heap before GC invocations=52 (full 0):
 garbage-first heap   total 153600K, used 136011K [0x0000000080000000, 0x0000000100000000)
  region size 1024K, 38 young (38912K), 4 survivors (4096K)
 Metaspace       used 108694K, committed 109376K, reserved 1179648K
  class space    used 14853K, committed 15168K, reserved 1048576K
}
Event: 23.690 GC heap after
{Heap after GC invocations=53 (full 0):
 garbage-first heap   total 153600K, used 100974K [0x0000000080000000, 0x0000000100000000)
  region size 1024K, 5 young (5120K), 5 survivors (5120K)
 Metaspace       used 108694K, committed 109376K, reserved 1179648K
  class space    used 14853K, committed 15168K, reserved 1048576K
}
Event: 24.413 GC heap before
{Heap before GC invocations=53 (full 0):
 garbage-first heap   total 153600K, used 128622K [0x0000000080000000, 0x0000000100000000)
  region size 1024K, 33 young (33792K), 5 survivors (5120K)
 Metaspace       used 110495K, committed 111232K, reserved 1179648K
  class space    used 15191K, committed 15552K, reserved 1048576K
}

