# JRE version: OpenJDK Runtime Environment (17.0.9) (build 17.0.9+0--11185874)
# Java VM: OpenJDK 64-Bit Server VM (17.0.9+0--11185874, mixed mode, tiered, compressed oops, compressed class ptrs, g1 gc, windows-amd64)
GC Precious Log:
 CPUs: 8 total, 8 available
 Memory: 14249M
 Large Page Support: Disabled
 NUMA Support: Disabled
 Compressed Oops: Enabled (Zero based)
 Heap Region Size: 2M
 Heap Min Capacity: 8M
 Heap Initial Capacity: 224M
 Heap Max Capacity: 3564M
 Pre-touch: Disabled
 Parallel Workers: 8
 Concurrent Workers: 2
 Concurrent Refinement Workers: 8
 Periodic GC: Disabled
Heap:
 garbage-first heap   total 141312K, used 77921K [0x0000000721400000, 0x0000000800000000)
  region size 2048K, 1 young (2048K), 1 survivors (2048K)
 Metaspace       used 82508K, committed 82880K, reserved 1179648K
  class space    used 9155K, committed 9344K, reserved 1048576K
GC Heap History (20 events):
Event: 12.059 GC heap after
{Heap after GC invocations=20 (full 0):
 garbage-first heap   total 92160K, used 50718K [0x0000000721400000, 0x0000000800000000)
  region size 2048K, 2 young (4096K), 2 survivors (4096K)
 Metaspace       used 62385K, committed 62592K, reserved 1114112K
  class space    used 7152K, committed 7232K, reserved 1048576K
}
Event: 12.658 GC heap before
{Heap before GC invocations=21 (full 0):
 garbage-first heap   total 96256K, used 69150K [0x0000000721400000, 0x0000000800000000)
  region size 2048K, 11 young (22528K), 2 survivors (4096K)
 Metaspace       used 63266K, committed 63616K, reserved 1114112K
  class space    used 7239K, committed 7424K, reserved 1048576K
}
Event: 12.667 GC heap after
{Heap after GC invocations=22 (full 0):
 garbage-first heap   total 96256K, used 52465K [0x0000000721400000, 0x0000000800000000)
  region size 2048K, 1 young (2048K), 1 survivors (2048K)
 Metaspace       used 63266K, committed 63616K, reserved 1114112K
  class space    used 7239K, committed 7424K, reserved 1048576K
}
Event: 13.388 GC heap before
{Heap before GC invocations=22 (full 0):
 garbage-first heap   total 96256K, used 72945K [0x0000000721400000, 0x0000000800000000)
  region size 2048K, 12 young (24576K), 1 survivors (2048K)
 Metaspace       used 63710K, committed 64000K, reserved 1114112K
  class space    used 7269K, committed 7424K, reserved 1048576K
}
Event: 13.402 GC heap after
{Heap after GC invocations=23 (full 0):
 garbage-first heap   total 116736K, used 55238K [0x0000000721400000, 0x0000000800000000)
  region size 2048K, 2 young (4096K), 2 survivors (4096K)
 Metaspace       used 63710K, committed 64000K, reserved 1114112K
  class space    used 7269K, committed 7424K, reserved 1048576K
}
Event: 14.709 GC heap before
{Heap before GC invocations=24 (full 0):
 garbage-first heap   total 116736K, used 90054K [0x0000000721400000, 0x0000000800000000)
  region size 2048K, 19 young (38912K), 2 survivors (4096K)
 Metaspace       used 64350K, committed 64704K, reserved 1114112K
  class space    used 7299K, committed 7488K, reserved 1048576K
}
Event: 14.729 GC heap after
{Heap after GC invocations=25 (full 0):
 garbage-first heap   total 116736K, used 58628K [0x0000000721400000, 0x0000000800000000)
  region size 2048K, 3 young (6144K), 3 survivors (6144K)
 Metaspace       used 64350K, committed 64704K, reserved 1114112K
  class space    used 7299K, committed 7488K, reserved 1048576K
}
Event: 15.803 GC heap before
{Heap before GC invocations=25 (full 0):
 garbage-first heap   total 116736K, used 91396K [0x0000000721400000, 0x0000000800000000)
  region size 2048K, 19 young (38912K), 3 survivors (6144K)
 Metaspace       used 66837K, committed 67136K, reserved 1114112K
  class space    used 7537K, committed 7680K, reserved 1048576K
}
Event: 15.817 GC heap after
{Heap after GC invocations=26 (full 0):
 garbage-first heap   total 116736K, used 60603K [0x0000000721400000, 0x0000000800000000)
  region size 2048K, 1 young (2048K), 1 survivors (2048K)
 Metaspace       used 66837K, committed 67136K, reserved 1114112K
  class space    used 7537K, committed 7680K, reserved 1048576K
}
Event: 17.735 GC heap before
{Heap before GC invocations=27 (full 0):
 garbage-first heap   total 116736K, used 91323K [0x0000000721400000, 0x0000000800000000)
  region size 2048K, 16 young (32768K), 1 survivors (2048K)
 Metaspace       used 71658K, committed 72000K, reserved 1114112K
  class space    used 8012K, committed 8192K, reserved 1048576K
}
Event: 17.754 GC heap after
{Heap after GC invocations=28 (full 0):
 garbage-first heap   total 116736K, used 64018K [0x0000000721400000, 0x0000000800000000)
  region size 2048K, 2 young (4096K), 2 survivors (4096K)
 Metaspace       used 71658K, committed 72000K, reserved 1114112K
  class space    used 8012K, committed 8192K, reserved 1048576K
}
Event: 19.534 GC heap before
{Heap before GC invocations=28 (full 0):
 garbage-first heap   total 116736K, used 92690K [0x0000000721400000, 0x0000000800000000)
  region size 2048K, 16 young (32768K), 2 survivors (4096K)
 Metaspace       used 73329K, committed 73728K, reserved 1179648K
  class space    used 8184K, committed 8384K, reserved 1048576K
}
Event: 19.569 GC heap after
{Heap after GC invocations=29 (full 0):
 garbage-first heap   total 116736K, used 69143K [0x0000000721400000, 0x0000000800000000)
  region size 2048K, 2 young (4096K), 2 survivors (4096K)
 Metaspace       used 73329K, committed 73728K, reserved 1179648K
  class space    used 8184K, committed 8384K, reserved 1048576K
}
Event: 20.530 GC heap before
{Heap before GC invocations=30 (full 0):
 garbage-first heap   total 122880K, used 91671K [0x0000000721400000, 0x0000000800000000)
  region size 2048K, 13 young (26624K), 2 survivors (4096K)
 Metaspace       used 74302K, committed 74624K, reserved 1179648K
  class space    used 8268K, committed 8448K, reserved 1048576K
}
Event: 20.556 GC heap after
{Heap after GC invocations=31 (full 0):
 garbage-first heap   total 122880K, used 73414K [0x0000000721400000, 0x0000000800000000)
  region size 2048K, 2 young (4096K), 2 survivors (4096K)
 Metaspace       used 74302K, committed 74624K, reserved 1179648K
  class space    used 8268K, committed 8448K, reserved 1048576K
}
Event: 21.344 GC heap before
{Heap before GC invocations=31 (full 0):
 garbage-first heap   total 122880K, used 95942K [0x0000000721400000, 0x0000000800000000)
  region size 2048K, 14 young (28672K), 2 survivors (4096K)
 Metaspace       used 79491K, committed 79936K, reserved 1179648K
  class space    used 8821K, committed 9024K, reserved 1048576K
}
Event: 21.365 GC heap after
{Heap after GC invocations=32 (full 0):
 garbage-first heap   total 122880K, used 74999K [0x0000000721400000, 0x0000000800000000)
  region size 2048K, 1 young (2048K), 1 survivors (2048K)
 Metaspace       used 79491K, committed 79936K, reserved 1179648K
  class space    used 8821K, committed 9024K, reserved 1048576K
}
Event: 21.875 GC heap before
{Heap before GC invocations=33 (full 0):
 garbage-first heap   total 141312K, used 93431K [0x0000000721400000, 0x0000000800000000)
  region size 2048K, 11 young (22528K), 1 survivors (2048K)
 Metaspace       used 82117K, committed 82496K, reserved 1179648K
  class space    used 9108K, committed 9280K, reserved 1048576K
}
Event: 21.884 GC heap after
{Heap after GC invocations=34 (full 0):
 garbage-first heap   total 141312K, used 77482K [0x0000000721400000, 0x0000000800000000)
  region size 2048K, 2 young (4096K), 2 survivors (4096K)
 Metaspace       used 82117K, committed 82496K, reserved 1179648K
  class space    used 9108K, committed 9280K, reserved 1048576K
}
Event: 21.961 GC heap before
{Heap before GC invocations=34 (full 0):
 garbage-first heap   total 141312K, used 79530K [0x0000000721400000, 0x0000000800000000)
  region size 2048K, 3 young (6144K), 2 survivors (4096K)
 Metaspace       used 82508K, committed 82880K, reserved 1179648K
  class space    used 9155K, committed 9344K, reserved 1048576K
}

